<?xml version="1.0" encoding="UTF-8"?>
<!-- Generated by org.testng.reporters.JUnitReportReporter -->
<testsuite hostname="DESKTOP-1SOA1B2" failures="0" tests="3" name="com.crm.qa.testcases.LoginPageTest" time="13.861" errors="0" timestamp="20 Jun 2021 21:49:39 GMT" skipped="0">
  <testcase classname="com.crm.qa.testcases.LoginPageTest" name="loginPageTitleTest" time="4.468"/>
  <testcase classname="com.crm.qa.testcases.LoginPageTest" name="crmLogoImageTest" time="4.194"/>
  <testcase classname="com.crm.qa.testcases.LoginPageTest" name="loginTest" time="5.199"/>
</testsuite> <!-- com.crm.qa.testcases.LoginPageTest -->
